<?xml version="1.0" encoding="UTF-8" standalone="yes"?>
<serializations>

    <!-- com.localmatters.serializer.test.domain.DummyObject -->
    <complex id="DummyObject" bean="DummyObject" name="DummyObject">

        <!-- map of [class java.lang.String] and [class com.localmatters.serializer.test.domain.DummyObject$Address] -->
        <map property="addresses">
            <ref target="Address"/>
        </map>

        <!-- Unable to identify the types for the [addressesRaw] map!
             The configuration of its entries must be written manually. -->
        <map property="addressesRaw"/>
        <value property="id"/>
        <value property="name"/>
        <list property="orders"/>

        <!-- Configured the complex map returned by [ordersByAddresses] as a list.
             This can change to a <map> by setting its [key] attribute to the
             property of the key object that identifies it. -->
        <list property="ordersByAddresses">
            <complex name="ordersByAddress">
                <ref property="key" target="Address"/>
                <list property="value"/>
            </complex>
        </list>
        <list property="ordersList"/>
    </complex>

    <!-- com.localmatters.serializer.test.domain.DummyObject$Address -->
    <complex id="Address" name="Address">
        <value property="city"/>
        <value property="state"/>
        <value property="street"/>
        <value property="z"/>
        <value property="zip"/>
    </complex>
</serializations>