<?xml version="1.0" encoding="UTF-8" standalone="yes"?>
<serializations xmlns="http://www.localmatters.com/schema/serializations" xmlns:xsi="http://www.w3.org/2001/XMLSchema-instance" xsi:schemaLocation="http://www.localmatters.com/schema/serializations http://www.localmatters.com/schema/serializations.xsd">

    <!-- com.localmatters.serializer.test.domain.ObjectWithGenerics -->
    <complex id="ObjectWithGenerics" bean="ObjectWithGenerics" name="ObjectWithGenerics">
        <list property="array"/>

        <!-- Unable to identify the types for the [list] iteration!
             The configuration of its elements must be written manually. -->
        <list property="list">
            <value name="element"/>
        </list>

        <!-- Iteration of [java.util.List<java.lang.String>] -->
        <list property="listOfListOfString">
            <list name="element"/>
        </list>

        <!-- Iteration of [java.util.Map<java.lang.String, java.util.List>] -->
        <list property="listOfMapOfStringAndList">

            <!-- map of [class java.lang.String] and [interface java.util.List] -->
            <map name="listOfMapOfStringAnd">

                <!-- Unable to identify the types for the [entry] iteration!
                     The configuration of its elements must be written manually. -->
                <list>
                    <value name="element"/>
                </list>
            </map>
        </list>

        <!-- Iteration of [class com.localmatters.serializer.test.domain.ParameterizedObject] -->
        <list property="listOfParameterizedObject">
            <list name="element"/>
        </list>
        <list property="listOfString"/>

        <!-- Configured the complex map returned by [map] as a list.
             This can change to a <map> by setting its [key] attribute to the
             property of the key object that identifies it. -->
        <list property="map">
            <complex name="entry">

                <!-- Unable to resolve the class for the element [key]!
                     Its configuration must be written manually. -->
                <value property="key"/>

                <!-- Unable to resolve the class for the element [value]!
                     Its configuration must be written manually. -->
                <value property="value"/>
            </complex>
        </list>
        <map property="mapOfStringAndDouble"/>
    </complex>
</serializations>